<?xml version="1.0" encoding="UTF-8"?>
<!-- Generated by org.testng.reporters.JUnitReportReporter -->
<testsuite hostname="DESKTOP-DQ564GQ" failures="0" tests="2" name="TestcaseSwagLabs.LoginTestSwagLabs" time="12.081" errors="0" timestamp="25 Apr 2023 17:06:29 GMT" skipped="0">
  <testcase classname="TestcaseSwagLabs.LoginTestSwagLabs" name="test1" time="5.996"/>
  <testcase classname="TestcaseSwagLabs.LoginTestSwagLabs" name="test2" time="6.085"/>
</testsuite> <!-- TestcaseSwagLabs.LoginTestSwagLabs -->
