<?xml version="1.0" encoding="UTF-8"?>
<!-- Generated by org.testng.reporters.JUnitReportReporter -->
<testsuite skipped="0" hostname="DESKTOP-DQ564GQ" name="TestcaseSwagLabs.LoginTestSwagLabs" tests="2" failures="0" timestamp="25 Apr 2023 17:45:50 GMT" time="14.957" errors="0">
  <testcase name="test1" time="6.930" classname="TestcaseSwagLabs.LoginTestSwagLabs"/>
  <testcase name="test2" time="8.027" classname="TestcaseSwagLabs.LoginTestSwagLabs"/>
</testsuite> <!-- TestcaseSwagLabs.LoginTestSwagLabs -->
